<?xml version="1.0" encoding="UTF-8"?>
<!-- Generated by org.testng.reporters.JUnitReportReporter -->
<testsuite skipped="0" hostname="360NDCLP164" name="Scripts.LoginTest" tests="1" failures="0" timestamp="2020-05-10T18:46:42 IST" time="3.662" errors="0">
  <testcase name="loginVerification" time="3.662" classname="Scripts.LoginTest"/>
  <system-out/>
</testsuite> <!-- Scripts.LoginTest -->
