<?xml version="1.0" encoding="UTF-8"?>
<!-- Generated by org.testng.reporters.JUnitReportReporter -->
<testsuite skipped="0" hostname="360NDCLP164" name="Scripts.TestScripts" tests="5" failures="0" timestamp="2020-10-03T17:44:02 IST" time="0.015" errors="0">
  <testcase name="test1" time="0.010" classname="Scripts.TestScripts"/>
  <system-out/>
  <testcase name="test2" time="0.002" classname="Scripts.TestScripts"/>
  <system-out/>
  <testcase name="test3" time="0.001" classname="Scripts.TestScripts"/>
  <system-out/>
  <testcase name="test4" time="0.001" classname="Scripts.TestScripts"/>
  <system-out/>
  <testcase name="test5" time="0.001" classname="Scripts.TestScripts"/>
  <system-out/>
</testsuite> <!-- Scripts.TestScripts -->
